<?xml version="1.0" encoding="UTF-8"?>
<!-- Generated by org.testng.reporters.JUnitReportReporter -->
<testsuite hostname="Klaus" failures="0" tests="1" name="com.flipKart.AddToCart.AddProduct" time="32.592" errors="0" timestamp="2022-09-20T10:55:16 IST" skipped="0">
  <testcase classname="com.flipKart.AddToCart.AddProduct" name="addProductTest" time="32.592"/>
  <system-out/>
</testsuite> <!-- com.flipKart.AddToCart.AddProduct -->
