<?xml version="1.0" encoding="UTF-8"?>
<!-- Generated by org.testng.reporters.JUnitReportReporter -->
<testsuite hostname="Klaus" failures="0" tests="1" name="com.justdial.TestScript.BookRoomInHotel" time="38.601" errors="0" timestamp="2022-09-08T11:45:06 IST" skipped="0">
  <testcase classname="com.justdial.TestScript.BookRoomInHotel" name="bookRoom" time="38.601"/>
  <system-out/>
</testsuite> <!-- com.justdial.TestScript.BookRoomInHotel -->
