<?xml version="1.0" encoding="UTF-8"?>
<!-- Generated by org.testng.reporters.JUnitReportReporter -->
<testsuite hostname="Klaus" failures="0" tests="1" name="com.justdial.TestScript.JustDialTest" time="80.394" errors="0" timestamp="2022-09-08T13:04:33 IST" skipped="0">
  <testcase classname="com.justdial.TestScript.JustDialTest" name="justdialTest" time="80.394"/>
  <system-out/>
</testsuite> <!-- com.justdial.TestScript.JustDialTest -->
